<?xml version="1.0" encoding="UTF-8" ?>
<testsuites>
  <testsuite errors="0" failures="0" hostname="nat-10-20-65-249.uofm.wireless.umn.edu" id="0" name="CustomerIntegrationTests" package="auctionhaus" tests="2" time="0.311" timestamp="2012-02-18T19:59:54">
      <properties />

      <testcase classname="auctionhaus.CustomerIntegrationTests" name="testUniqueEmailError" time="0.268" />

      <testcase classname="auctionhaus.CustomerIntegrationTests" name="testUniqueEmailOK" time="0.032" />

      <system-out><![CDATA[]]></system-out>

      <system-err><![CDATA[--Output from testUniqueEmailError--
--Output from testUniqueEmailOK--
]]></system-err>

  </testsuite>
</testsuites>
