<?xml version="1.0" encoding="UTF-8" ?>
<testsuites>
  <testsuite errors="2" failures="1" hostname="nat-10-20-65-249.uofm.wireless.umn.edu" id="0" name="BidIntegrationTests" package="auctionhaus" tests="4" time="0.377" timestamp="2012-02-18T19:49:37">
      <properties />

      <testcase classname="auctionhaus.BidIntegrationTests" name="testBidNotHighEnoughCausesError" time="0.252">
          <failure message="junit.framework.AssertionFailedError: Closure auctionhaus.BidIntegrationTests$_testBidNotHighEnoughCausesError_closure1@494c009f should have failed with an exception of type grails.validation.ValidationException, instead got Exception groovy.lang.MissingPropertyException: No such property: highestBid for class: auctionhaus.Listing" type="junit.framework.AssertionFailedError">junit.framework.AssertionFailedError: junit.framework.AssertionFailedError: Closure auctionhaus.BidIntegrationTests$_testBidNotHighEnoughCausesError_closure1@494c009f should have failed with an exception of type grails.validation.ValidationException, instead got Exception groovy.lang.MissingPropertyException: No such property: highestBid for class: auctionhaus.Listing
	at auctionhaus.BidIntegrationTests.testBidNotHighEnoughCausesError(BidIntegrationTests.groovy:51)
</failure>

      </testcase>

      <testcase classname="auctionhaus.BidIntegrationTests" name="testBidHighEnoughOK" time="0.055">
          <error message="No such property: highestBid for class: auctionhaus.Listing" type="groovy.lang.MissingPropertyException">groovy.lang.MissingPropertyException: No such property: highestBid for class: auctionhaus.Listing
	at auctionhaus.Listing$_getNextHighestBid_closure1.doCall(Listing.groovy:31)
	at auctionhaus.Listing.getNextHighestBid(Listing.groovy:30)
	at auctionhaus.Bid$__clinit__closure1_closure2.doCall(Bid.groovy:23)
	at auctionhaus.BidIntegrationTests.testBidHighEnoughOK(BidIntegrationTests.groovy:88)
</error>

      </testcase>

      <testcase classname="auctionhaus.BidIntegrationTests" name="testListingSavedBidsAlsoSaved" time="0.037">
          <error message="No such property: highestBid for class: auctionhaus.Listing" type="groovy.lang.MissingPropertyException">groovy.lang.MissingPropertyException: No such property: highestBid for class: auctionhaus.Listing
	at auctionhaus.Listing$_getNextHighestBid_closure1.doCall(Listing.groovy:31)
	at auctionhaus.Listing.getNextHighestBid(Listing.groovy:30)
	at auctionhaus.Bid$__clinit__closure1_closure2.doCall(Bid.groovy:23)
	at auctionhaus.BidIntegrationTests.testListingSavedBidsAlsoSaved(BidIntegrationTests.groovy:126)
</error>

      </testcase>

      <testcase classname="auctionhaus.BidIntegrationTests" name="testListingNotSavedBidsAlsoNotSaved" time="0.03" />

      <system-out><![CDATA[--Output from testBidNotHighEnoughCausesError--
--Output from testBidHighEnoughOK--
--Output from testListingSavedBidsAlsoSaved--
--Output from testListingNotSavedBidsAlsoNotSaved--
]]></system-out>

      <system-err><![CDATA[--Output from testBidNotHighEnoughCausesError--
--Output from testBidHighEnoughOK--
--Output from testListingSavedBidsAlsoSaved--
--Output from testListingNotSavedBidsAlsoNotSaved--
]]></system-err>

  </testsuite>
  <testsuite errors="0" failures="0" hostname="nat-10-20-65-249.uofm.wireless.umn.edu" id="1" name="CustomerIntegrationTests" package="auctionhaus" tests="2" time="0.093" timestamp="2012-02-18T19:49:38">
      <properties />

      <testcase classname="auctionhaus.CustomerIntegrationTests" name="testUniqueEmailError" time="0.066" />

      <testcase classname="auctionhaus.CustomerIntegrationTests" name="testUniqueEmailOK" time="0.026" />

      <system-out><![CDATA[--Output from testUniqueEmailError--
--Output from testUniqueEmailOK--
]]></system-out>

      <system-err><![CDATA[--Output from testUniqueEmailError--
--Output from testUniqueEmailOK--
]]></system-err>

  </testsuite>
  <testsuite errors="0" failures="0" hostname="nat-10-20-65-249.uofm.wireless.umn.edu" id="2" name="BidTests" package="auctionhaus" tests="7" time="0.867" timestamp="2012-02-18T19:49:30">
      <properties />

      <testcase classname="auctionhaus.BidTests" name="testBidNullFieldsCauseError" time="0.551" />

      <testcase classname="auctionhaus.BidTests" name="testBidNonNullFieldsOK" time="0.082" />

      <testcase classname="auctionhaus.BidTests" name="testBidListingNullCausesError" time="0.026" />

      <testcase classname="auctionhaus.BidTests" name="testBidListingNonNullOK" time="0.024" />

      <testcase classname="auctionhaus.BidTests" name="testBidBidderNullCausesError" time="0.019" />

      <testcase classname="auctionhaus.BidTests" name="testBidBidderNonNullOK" time="0.02" />

      <testcase classname="auctionhaus.BidTests" name="testListingHasListOfBids" time="0.099" />

      <system-out><![CDATA[--Output from testBidNullFieldsCauseError--
--Output from testBidNonNullFieldsOK--
--Output from testBidListingNullCausesError--
--Output from testBidListingNonNullOK--
--Output from testBidBidderNullCausesError--
--Output from testBidBidderNonNullOK--
--Output from testListingHasListOfBids--
]]></system-out>

      <system-err><![CDATA[--Output from testBidNullFieldsCauseError--
--Output from testBidNonNullFieldsOK--
--Output from testBidListingNullCausesError--
--Output from testBidListingNonNullOK--
--Output from testBidBidderNullCausesError--
--Output from testBidBidderNonNullOK--
--Output from testListingHasListOfBids--
]]></system-err>

  </testsuite>
  <testsuite errors="0" failures="0" hostname="nat-10-20-65-249.uofm.wireless.umn.edu" id="3" name="CustomerTests" package="auctionhaus" tests="6" time="0.438" timestamp="2012-02-18T19:49:31">
      <properties />

      <testcase classname="auctionhaus.CustomerTests" name="testCustomerNullFieldsCauseError" time="0.03" />

      <testcase classname="auctionhaus.CustomerTests" name="testCustomerNonNullFieldsOK" time="0.318" />

      <testcase classname="auctionhaus.CustomerTests" name="testCustomerEmailOK" time="0.016" />

      <testcase classname="auctionhaus.CustomerTests" name="testCustomerEmailError" time="0.02" />

      <testcase classname="auctionhaus.CustomerTests" name="testCustomerPasswordError" time="0.014" />

      <testcase classname="auctionhaus.CustomerTests" name="testCustomerPasswordOK" time="0.014" />

      <system-out><![CDATA[--Output from testCustomerNullFieldsCauseError--
--Output from testCustomerNonNullFieldsOK--
--Output from testCustomerEmailOK--
--Output from testCustomerEmailError--
--Output from testCustomerPasswordError--
--Output from testCustomerPasswordOK--
]]></system-out>

      <system-err><![CDATA[--Output from testCustomerNullFieldsCauseError--
--Output from testCustomerNonNullFieldsOK--
--Output from testCustomerEmailOK--
--Output from testCustomerEmailError--
--Output from testCustomerPasswordError--
--Output from testCustomerPasswordOK--
]]></system-err>

  </testsuite>
  <testsuite errors="0" failures="0" hostname="nat-10-20-65-249.uofm.wireless.umn.edu" id="4" name="ListingTests" package="auctionhaus" tests="12" time="0.22" timestamp="2012-02-18T19:49:31">
      <properties />

      <testcase classname="auctionhaus.ListingTests" name="testBidBidderNonNullOK" time="0.026" />

      <testcase classname="auctionhaus.ListingTests" name="testRequiredListingFieldsMissingCauseError" time="0.021" />

      <testcase classname="auctionhaus.ListingTests" name="testRequiredListingFieldsOK" time="0.02" />

      <testcase classname="auctionhaus.ListingTests" name="testOptionalListingDescriptionFieldOK" time="0.014" />

      <testcase classname="auctionhaus.ListingTests" name="testListingSellerNullCausesError" time="0.016" />

      <testcase classname="auctionhaus.ListingTests" name="testListingDescriptionFieldOK" time="0.013" />

      <testcase classname="auctionhaus.ListingTests" name="testListingDescriptionFieldOversizeError" time="0.015" />

      <testcase classname="auctionhaus.ListingTests" name="testListingEndDateTimeInFutureOK" time="0.014" />

      <testcase classname="auctionhaus.ListingTests" name="testListingEndDateTimeInPastCausesError" time="0.024" />

      <testcase classname="auctionhaus.ListingTests" name="testListingNameFieldOK" time="0.02" />

      <testcase classname="auctionhaus.ListingTests" name="testListingNameFieldOversizeErrors" time="0.014" />

      <testcase classname="auctionhaus.ListingTests" name="testOptionalWinnerFieldOK" time="0.013" />

      <system-out><![CDATA[--Output from testBidBidderNonNullOK--
--Output from testRequiredListingFieldsMissingCauseError--
--Output from testRequiredListingFieldsOK--
--Output from testOptionalListingDescriptionFieldOK--
--Output from testListingSellerNullCausesError--
--Output from testListingDescriptionFieldOK--
--Output from testListingDescriptionFieldOversizeError--
--Output from testListingEndDateTimeInFutureOK--
--Output from testListingEndDateTimeInPastCausesError--
--Output from testListingNameFieldOK--
--Output from testListingNameFieldOversizeErrors--
--Output from testOptionalWinnerFieldOK--
]]></system-out>

      <system-err><![CDATA[--Output from testBidBidderNonNullOK--
--Output from testRequiredListingFieldsMissingCauseError--
--Output from testRequiredListingFieldsOK--
--Output from testOptionalListingDescriptionFieldOK--
--Output from testListingSellerNullCausesError--
--Output from testListingDescriptionFieldOK--
--Output from testListingDescriptionFieldOversizeError--
--Output from testListingEndDateTimeInFutureOK--
--Output from testListingEndDateTimeInPastCausesError--
--Output from testListingNameFieldOK--
--Output from testListingNameFieldOversizeErrors--
--Output from testOptionalWinnerFieldOK--
]]></system-err>

  </testsuite>
</testsuites>
