<?xml version="1.0" encoding="UTF-8" ?>
<testsuites>
  <testsuite errors="0" failures="0" hostname="Hennepins-MacBook-Pro.local" id="0" name="CustomerIntegrationTestTests" package="auctionhaus" tests="1" time="0.224" timestamp="2012-02-18T06:21:34">
      <properties />

      <testcase classname="auctionhaus.CustomerIntegrationTestTests" name="testUniqueEmailOK" time="0.214" />

      <system-out><![CDATA[]]></system-out>

      <system-err><![CDATA[--Output from testUniqueEmailOK--
]]></system-err>

  </testsuite>
</testsuites>
