<?xml version="1.0" encoding="UTF-8" ?>
<testsuites>
  <testsuite errors="0" failures="0" hostname="AmIts-MacBook-Pro.local" id="0" name="BidIntegrationTests" package="auctionhaus" tests="4" time="0.532" timestamp="2012-03-25T04:56:23">
      <properties />

      <testcase classname="auctionhaus.BidIntegrationTests" name="testBidNotHighEnoughCausesError" time="0.387" />

      <testcase classname="auctionhaus.BidIntegrationTests" name="testBidHighEnoughOK" time="0.056" />

      <testcase classname="auctionhaus.BidIntegrationTests" name="testListingSavedBidsAlsoSaved" time="0.051" />

      <testcase classname="auctionhaus.BidIntegrationTests" name="testListingNotSavedBidsAlsoNotSaved" time="0.034" />

      <system-out><![CDATA[--Output from testBidNotHighEnoughCausesError--
--Output from testBidHighEnoughOK--
--Output from testListingSavedBidsAlsoSaved--
--Output from testListingNotSavedBidsAlsoNotSaved--
]]></system-out>

      <system-err><![CDATA[--Output from testBidNotHighEnoughCausesError--
--Output from testBidHighEnoughOK--
--Output from testListingSavedBidsAlsoSaved--
--Output from testListingNotSavedBidsAlsoNotSaved--
]]></system-err>

  </testsuite>
  <testsuite errors="0" failures="0" hostname="AmIts-MacBook-Pro.local" id="1" name="CustomerIntegrationTests" package="auctionhaus" tests="2" time="0.114" timestamp="2012-03-25T04:56:24">
      <properties />

      <testcase classname="auctionhaus.CustomerIntegrationTests" name="testUniqueEmailError" time="0.073" />

      <testcase classname="auctionhaus.CustomerIntegrationTests" name="testUniqueEmailOK" time="0.04" />

      <system-out><![CDATA[--Output from testUniqueEmailError--
--Output from testUniqueEmailOK--
]]></system-out>

      <system-err><![CDATA[--Output from testUniqueEmailError--
--Output from testUniqueEmailOK--
]]></system-err>

  </testsuite>
  <testsuite errors="0" failures="0" hostname="AmIts-MacBook-Pro.local" id="2" name="BidControllerTests" package="auctionhaus" tests="2" time="2.911" timestamp="2012-03-25T04:56:11">
      <properties />

      <testcase classname="auctionhaus.BidControllerTests" name="testBidSave" time="2.687" />

      <testcase classname="auctionhaus.BidControllerTests" name="testBidSaveError" time="0.164" />

      <system-out><![CDATA[--Output from testBidSave--
--Output from testBidSaveError--
]]></system-out>

      <system-err><![CDATA[--Output from testBidSave--
--Output from testBidSaveError--
]]></system-err>

  </testsuite>
  <testsuite errors="0" failures="0" hostname="AmIts-MacBook-Pro.local" id="3" name="BidTests" package="auctionhaus" tests="7" time="0.433" timestamp="2012-03-25T04:56:14">
      <properties />

      <testcase classname="auctionhaus.BidTests" name="testBidNullFieldsCauseError" time="0.171" />

      <testcase classname="auctionhaus.BidTests" name="testBidNonNullFieldsOK" time="0.042" />

      <testcase classname="auctionhaus.BidTests" name="testBidListingNullCausesError" time="0.023" />

      <testcase classname="auctionhaus.BidTests" name="testBidListingNonNullOK" time="0.029" />

      <testcase classname="auctionhaus.BidTests" name="testBidBidderNullCausesError" time="0.019" />

      <testcase classname="auctionhaus.BidTests" name="testBidBidderNonNullOK" time="0.027" />

      <testcase classname="auctionhaus.BidTests" name="testListingHasListOfBids" time="0.047" />

      <system-out><![CDATA[--Output from testBidNullFieldsCauseError--
--Output from testBidNonNullFieldsOK--
--Output from testBidListingNullCausesError--
--Output from testBidListingNonNullOK--
--Output from testBidBidderNullCausesError--
--Output from testBidBidderNonNullOK--
--Output from testListingHasListOfBids--
]]></system-out>

      <system-err><![CDATA[--Output from testBidNullFieldsCauseError--
--Output from testBidNonNullFieldsOK--
--Output from testBidListingNullCausesError--
--Output from testBidListingNonNullOK--
--Output from testBidBidderNullCausesError--
--Output from testBidBidderNonNullOK--
--Output from testListingHasListOfBids--
]]></system-err>

  </testsuite>
  <testsuite errors="0" failures="0" hostname="AmIts-MacBook-Pro.local" id="4" name="CustomerControllerTests" package="auctionhaus" tests="3" time="0.902" timestamp="2012-03-25T04:56:14">
      <properties />

      <testcase classname="auctionhaus.CustomerControllerTests" name="testCustomerDeleteOK" time="0.433" />

      <testcase classname="auctionhaus.CustomerControllerTests" name="testCustomerDeleteErrorActiveBids" time="0.206" />

      <testcase classname="auctionhaus.CustomerControllerTests" name="testCustomerDeleteErrorActiveListings" time="0.188" />

      <system-out><![CDATA[--Output from testCustomerDeleteOK--
--Output from testCustomerDeleteErrorActiveBids--
--Output from testCustomerDeleteErrorActiveListings--
]]></system-out>

      <system-err><![CDATA[--Output from testCustomerDeleteOK--
--Output from testCustomerDeleteErrorActiveBids--
--Output from testCustomerDeleteErrorActiveListings--
]]></system-err>

  </testsuite>
  <testsuite errors="0" failures="0" hostname="AmIts-MacBook-Pro.local" id="5" name="CustomerTests" package="auctionhaus" tests="6" time="0.247" timestamp="2012-03-25T04:56:15">
      <properties />

      <testcase classname="auctionhaus.CustomerTests" name="testCustomerNullFieldsCauseError" time="0.052" />

      <testcase classname="auctionhaus.CustomerTests" name="testCustomerNonNullFieldsOK" time="0.034" />

      <testcase classname="auctionhaus.CustomerTests" name="testCustomerEmailOK" time="0.027" />

      <testcase classname="auctionhaus.CustomerTests" name="testCustomerEmailError" time="0.025" />

      <testcase classname="auctionhaus.CustomerTests" name="testCustomerPasswordError" time="0.042" />

      <testcase classname="auctionhaus.CustomerTests" name="testCustomerPasswordOK" time="0.021" />

      <system-out><![CDATA[--Output from testCustomerNullFieldsCauseError--
--Output from testCustomerNonNullFieldsOK--
--Output from testCustomerEmailOK--
--Output from testCustomerEmailError--
--Output from testCustomerPasswordError--
--Output from testCustomerPasswordOK--
]]></system-out>

      <system-err><![CDATA[--Output from testCustomerNullFieldsCauseError--
--Output from testCustomerNonNullFieldsOK--
--Output from testCustomerEmailOK--
--Output from testCustomerEmailError--
--Output from testCustomerPasswordError--
--Output from testCustomerPasswordOK--
]]></system-err>

  </testsuite>
  <testsuite errors="0" failures="0" hostname="AmIts-MacBook-Pro.local" id="6" name="ListingTests" package="auctionhaus" tests="12" time="0.385" timestamp="2012-03-25T04:56:16">
      <properties />

      <testcase classname="auctionhaus.ListingTests" name="testBidBidderNonNullOK" time="0.092" />

      <testcase classname="auctionhaus.ListingTests" name="testRequiredListingFieldsMissingCauseError" time="0.03" />

      <testcase classname="auctionhaus.ListingTests" name="testRequiredListingFieldsOK" time="0.021" />

      <testcase classname="auctionhaus.ListingTests" name="testOptionalListingDescriptionFieldOK" time="0.025" />

      <testcase classname="auctionhaus.ListingTests" name="testListingSellerNullCausesError" time="0.021" />

      <testcase classname="auctionhaus.ListingTests" name="testListingDescriptionFieldOK" time="0.022" />

      <testcase classname="auctionhaus.ListingTests" name="testListingDescriptionFieldOversizeError" time="0.035" />

      <testcase classname="auctionhaus.ListingTests" name="testListingEndDateTimeInFutureOK" time="0.025" />

      <testcase classname="auctionhaus.ListingTests" name="testListingEndDateTimeInPastCausesError" time="0.027" />

      <testcase classname="auctionhaus.ListingTests" name="testListingNameFieldOK" time="0.022" />

      <testcase classname="auctionhaus.ListingTests" name="testListingNameFieldOversizeErrors" time="0.029" />

      <testcase classname="auctionhaus.ListingTests" name="testOptionalWinnerFieldOK" time="0.02" />

      <system-out><![CDATA[--Output from testBidBidderNonNullOK--
--Output from testRequiredListingFieldsMissingCauseError--
--Output from testRequiredListingFieldsOK--
--Output from testOptionalListingDescriptionFieldOK--
--Output from testListingSellerNullCausesError--
--Output from testListingDescriptionFieldOK--
--Output from testListingDescriptionFieldOversizeError--
--Output from testListingEndDateTimeInFutureOK--
--Output from testListingEndDateTimeInPastCausesError--
--Output from testListingNameFieldOK--
--Output from testListingNameFieldOversizeErrors--
--Output from testOptionalWinnerFieldOK--
]]></system-out>

      <system-err><![CDATA[--Output from testBidBidderNonNullOK--
--Output from testRequiredListingFieldsMissingCauseError--
--Output from testRequiredListingFieldsOK--
--Output from testOptionalListingDescriptionFieldOK--
--Output from testListingSellerNullCausesError--
--Output from testListingDescriptionFieldOK--
--Output from testListingDescriptionFieldOversizeError--
--Output from testListingEndDateTimeInFutureOK--
--Output from testListingEndDateTimeInPastCausesError--
--Output from testListingNameFieldOK--
--Output from testListingNameFieldOversizeErrors--
--Output from testOptionalWinnerFieldOK--
]]></system-err>

  </testsuite>
</testsuites>
