<?xml version="1.0" encoding="UTF-8" ?>
<testsuites>
  <testsuite errors="1" failures="0" hostname="Hennepins-MacBook-Pro.local" id="0" name="BidTests" package="auctionhaus" tests="7" time="1.021" timestamp="2012-02-18T01:37:22">
      <properties />

      <testcase classname="auctionhaus.BidTests" name="testBidNullFieldsCauseError" time="0.584" />

      <testcase classname="auctionhaus.BidTests" name="testBidNonNullFieldsOK" time="0.08" />

      <testcase classname="auctionhaus.BidTests" name="testBidListingNullCausesError" time="0.03" />

      <testcase classname="auctionhaus.BidTests" name="testBidListingNonNullOK" time="0.043" />

      <testcase classname="auctionhaus.BidTests" name="testBidBidderNullCausesError" time="0.031" />

      <testcase classname="auctionhaus.BidTests" name="testBidBidderNonNullOK" time="0.032" />

      <testcase classname="auctionhaus.BidTests" name="testListingHasListOfBids" time="0.194">
          <error message="No signature of method: auctionhaus.Listing.addToBids() is applicable for argument types: (auctionhaus.Bid) values: [auctionhaus.Bid : null]&#xa;Possible solutions: getBids()" type="groovy.lang.MissingMethodException">groovy.lang.MissingMethodException: No signature of method: auctionhaus.Listing.addToBids() is applicable for argument types: (auctionhaus.Bid) values: [auctionhaus.Bid : null]
Possible solutions: getBids()
	at auctionhaus.BidTests.testListingHasListOfBids(BidTests.groovy:199)
</error>

      </testcase>

      <system-out><![CDATA[]]></system-out>

      <system-err><![CDATA[--Output from testBidNullFieldsCauseError--
--Output from testBidNonNullFieldsOK--
--Output from testBidListingNullCausesError--
--Output from testBidListingNonNullOK--
--Output from testBidBidderNullCausesError--
--Output from testBidBidderNonNullOK--
--Output from testListingHasListOfBids--
]]></system-err>

  </testsuite>
</testsuites>
