<?xml version="1.0" encoding="UTF-8" ?>
<testsuites>
  <testsuite errors="1" failures="1" hostname="AmIts-MacBook-Pro.local" id="0" name="CustomerControllerTests" package="auctionhaus" tests="2" time="3.884" timestamp="2012-03-31T18:37:36">
      <properties />

      <testcase classname="auctionhaus.CustomerControllerTests" name="testCustomerOK" time="3.372">
          <error message="No such property: customerDeleteOK for class: auctionhaus.CustomerControllerTests" type="groovy.lang.MissingPropertyException">groovy.lang.MissingPropertyException: No such property: customerDeleteOK for class: auctionhaus.CustomerControllerTests
	at auctionhaus.CustomerControllerTests.testCustomerOK(CustomerControllerTests.groovy:44)
</error>

      </testcase>

      <testcase classname="auctionhaus.CustomerControllerTests" name="testCustomerDeleteErrorActiveListings" time="0.458">
          <failure message="Assertion failed: &#xa;&#xa;assert Customer.count() == 1&#xa;                |       |&#xa;                0       false&#xa;" type="junit.framework.AssertionFailedError">junit.framework.AssertionFailedError: Assertion failed: 

assert Customer.count() == 1
                |       |
                0       false

	at auctionhaus.CustomerControllerTests.testCustomerDeleteErrorActiveListings(CustomerControllerTests.groovy:100)
</failure>

      </testcase>

      <system-out><![CDATA[]]></system-out>

      <system-err><![CDATA[--Output from testCustomerOK--
--Output from testCustomerDeleteErrorActiveListings--
]]></system-err>

  </testsuite>
</testsuites>
