<?xml version="1.0" encoding="UTF-8" ?>
<testsuites>
  <testsuite errors="0" failures="0" hostname="nat-10-20-65-249.uofm.wireless.umn.edu" id="0" name="ListingTests" package="auctionhaus" tests="12" time="0.936" timestamp="2012-02-18T15:36:56">
      <properties />

      <testcase classname="auctionhaus.ListingTests" name="testRequiredListingFieldsMissingCauseError" time="0.618" />

      <testcase classname="auctionhaus.ListingTests" name="testRequiredListingFieldsOK" time="0.071" />

      <testcase classname="auctionhaus.ListingTests" name="testOptionalListingDescriptionFieldOK" time="0.026" />

      <testcase classname="auctionhaus.ListingTests" name="testListingSellerNullCausesError" time="0.032" />

      <testcase classname="auctionhaus.ListingTests" name="testBidBidderNonNullOK" time="0.035" />

      <testcase classname="auctionhaus.ListingTests" name="testListingDescriptionFieldOK" time="0.019" />

      <testcase classname="auctionhaus.ListingTests" name="testListingDescriptionFieldOversizeError" time="0.018" />

      <testcase classname="auctionhaus.ListingTests" name="testListingEndDateTimeInFutureOK" time="0.017" />

      <testcase classname="auctionhaus.ListingTests" name="testListingEndDateTimeInPastCausesError" time="0.016" />

      <testcase classname="auctionhaus.ListingTests" name="testListingNameFieldOK" time="0.015" />

      <testcase classname="auctionhaus.ListingTests" name="testListingNameFieldOversizeErrors" time="0.024" />

      <testcase classname="auctionhaus.ListingTests" name="testOptionalWinnerFieldOK" time="0.015" />

      <system-out><![CDATA[]]></system-out>

      <system-err><![CDATA[--Output from testRequiredListingFieldsMissingCauseError--
--Output from testRequiredListingFieldsOK--
--Output from testOptionalListingDescriptionFieldOK--
--Output from testListingSellerNullCausesError--
--Output from testBidBidderNonNullOK--
--Output from testListingDescriptionFieldOK--
--Output from testListingDescriptionFieldOversizeError--
--Output from testListingEndDateTimeInFutureOK--
--Output from testListingEndDateTimeInPastCausesError--
--Output from testListingNameFieldOK--
--Output from testListingNameFieldOversizeErrors--
--Output from testOptionalWinnerFieldOK--
]]></system-err>

  </testsuite>
</testsuites>
